Dec-10 02:08:48.891 [main] DEBUG nextflow.cli.Launcher - $> nextflow run workflows/mtbcore.nf
Dec-10 02:08:49.051 [main] INFO  nextflow.cli.CmdRun - N E X T F L O W  ~  version 23.04.4
Dec-10 02:08:49.100 [main] DEBUG nextflow.plugin.PluginsFacade - Setting up plugin manager > mode=prod; embedded=false; plugins-dir=/home/odette/.nextflow/plugins; core-plugins: nf-amazon@1.16.2,nf-azure@1.0.1,nf-codecommit@0.1.4,nf-console@1.0.5,nf-ga4gh@1.0.5,nf-google@1.7.3-patch1,nf-tower@1.5.12,nf-wave@0.8.4
Dec-10 02:08:49.117 [main] INFO  org.pf4j.DefaultPluginStatusProvider - Enabled plugins: []
Dec-10 02:08:49.119 [main] INFO  org.pf4j.DefaultPluginStatusProvider - Disabled plugins: []
Dec-10 02:08:49.125 [main] INFO  org.pf4j.DefaultPluginManager - PF4J version 3.4.1 in 'deployment' mode
Dec-10 02:08:49.161 [main] INFO  org.pf4j.AbstractPluginManager - No plugins
Dec-10 02:08:49.201 [main] DEBUG nextflow.config.ConfigBuilder - Found config local: /home/odette/mbtCore/nextflow.config
Dec-10 02:08:49.202 [main] DEBUG nextflow.config.ConfigBuilder - Parsing config file: /home/odette/mbtCore/nextflow.config
Dec-10 02:08:49.243 [main] DEBUG nextflow.config.ConfigBuilder - Applying config profile: `standard`
Dec-10 02:08:50.586 [main] DEBUG nextflow.cli.CmdRun - Applied DSL=2 by global default
Dec-10 02:08:50.614 [main] INFO  nextflow.cli.CmdRun - Launching `workflows/mtbcore.nf` [amazing_koch] DSL2 - revision: 5fdbcbd7ad
Dec-10 02:08:50.615 [main] DEBUG nextflow.plugin.PluginsFacade - Plugins default=[]
Dec-10 02:08:50.615 [main] DEBUG nextflow.plugin.PluginsFacade - Plugins resolved requirement=[]
Dec-10 02:08:50.644 [main] DEBUG nextflow.secret.LocalSecretsProvider - Secrets store: /home/odette/.nextflow/secrets/store.json
Dec-10 02:08:50.652 [main] DEBUG nextflow.secret.SecretsLoader - Discovered secrets providers: [nextflow.secret.LocalSecretsProvider@7d247660] - activable => nextflow.secret.LocalSecretsProvider@7d247660
Dec-10 02:08:50.765 [main] DEBUG nextflow.Session - Session UUID: c3619eda-3f2c-4d37-bd79-1046eb30cbb7
Dec-10 02:08:50.765 [main] DEBUG nextflow.Session - Run name: amazing_koch
Dec-10 02:08:50.766 [main] DEBUG nextflow.Session - Executor pool size: 4
Dec-10 02:08:50.793 [main] DEBUG nextflow.util.ThreadPoolBuilder - Creating thread pool 'FileTransfer' minSize=10; maxSize=12; workQueue=LinkedBlockingQueue[10000]; allowCoreThreadTimeout=false
Dec-10 02:08:50.858 [main] DEBUG nextflow.cli.CmdRun - 
  Version: 23.04.4 build 5881
  Created: 25-09-2023 15:34 UTC (18:34 EAST)
  System: Linux 6.2.0-37-generic
  Runtime: Groovy 3.0.16 on OpenJDK 64-Bit Server VM 11.0.1+13-LTS
  Encoding: UTF-8 (UTF-8)
  Process: 13851@Odette [127.0.1.1]
  CPUs: 4 - Mem: 7.6 GB (130.9 MB) - Swap: 2 GB (0)
Dec-10 02:08:50.927 [main] DEBUG nextflow.Session - Work-dir: /home/odette/mbtCore/work [ext2/ext3]
Dec-10 02:08:50.928 [main] DEBUG nextflow.Session - Script base path does not exist or is not a directory: /home/odette/mbtCore/workflows/bin
Dec-10 02:08:50.953 [main] DEBUG nextflow.executor.ExecutorFactory - Extension executors providers=[]
Dec-10 02:08:50.974 [main] DEBUG nextflow.Session - Observer factory: DefaultObserverFactory
Dec-10 02:08:51.010 [main] DEBUG nextflow.cache.CacheFactory - Using Nextflow cache factory: nextflow.cache.DefaultCacheFactory
Dec-10 02:08:51.035 [main] DEBUG nextflow.util.CustomThreadPool - Creating default thread pool > poolSize: 5; maxThreads: 1000
Dec-10 02:08:51.222 [main] DEBUG nextflow.Session - Session start
Dec-10 02:08:51.616 [main] DEBUG nextflow.script.ScriptRunner - > Launching execution
Dec-10 02:08:51.637 [main] INFO  nextflow.Nextflow - 
M T B - NF P I P E L I N E 

Dec-10 02:08:52.335 [main] DEBUG nextflow.script.ProcessConfig - Config settings `withName:INDEX` matches process INDEX
Dec-10 02:08:52.357 [main] DEBUG nextflow.executor.ExecutorFactory - << taskConfig executor: null
Dec-10 02:08:52.358 [main] DEBUG nextflow.executor.ExecutorFactory - >> processorType: 'local'
Dec-10 02:08:52.369 [main] DEBUG nextflow.executor.Executor - [warm up] executor > local
Dec-10 02:08:52.377 [main] DEBUG n.processor.LocalPollingMonitor - Creating local task monitor for executor 'local' > cpus=4; memory=7.6 GB; capacity=4; pollInterval=100ms; dumpInterval=5m
Dec-10 02:08:52.508 [main] DEBUG nextflow.script.ProcessConfig - Config settings `withName:CREATINGDICTFILE` matches process CREATINGDICTFILE
Dec-10 02:08:52.510 [main] DEBUG nextflow.executor.ExecutorFactory - << taskConfig executor: null
Dec-10 02:08:52.512 [main] DEBUG nextflow.executor.ExecutorFactory - >> processorType: 'local'
Dec-10 02:08:52.539 [main] DEBUG nextflow.script.ProcessConfig - Config settings `withName:FASTQC` matches process FASTQC
Dec-10 02:08:52.547 [main] DEBUG nextflow.executor.ExecutorFactory - << taskConfig executor: null
Dec-10 02:08:52.547 [main] DEBUG nextflow.executor.ExecutorFactory - >> processorType: 'local'
Dec-10 02:08:52.557 [main] DEBUG nextflow.Session - Workflow process names [dsl2]: FASTQC, CREATINGDICTFILE, INDEX
Dec-10 02:08:52.559 [main] DEBUG nextflow.Session - Igniting dataflow network (4)
Dec-10 02:08:52.583 [main] DEBUG nextflow.processor.TaskProcessor - Starting process > INDEX
Dec-10 02:08:52.595 [main] DEBUG nextflow.processor.TaskProcessor - Starting process > CREATINGDICTFILE
Dec-10 02:08:52.584 [PathVisitor-1] DEBUG nextflow.file.PathVisitor - files for syntax: glob; folder: /home/odette/mbtCore/data/; pattern: *_{1,2}.*; options: [checkIfExists:true]
Dec-10 02:08:52.596 [main] DEBUG nextflow.processor.TaskProcessor - Starting process > FASTQC
Dec-10 02:08:52.601 [main] DEBUG nextflow.script.ScriptRunner - > Awaiting termination 
Dec-10 02:08:52.601 [main] DEBUG nextflow.Session - Session await
Dec-10 02:08:53.030 [Task submitter] DEBUG n.executor.local.LocalTaskHandler - Launch cmd line: /bin/bash -ue .command.run
Dec-10 02:08:53.033 [Task submitter] INFO  nextflow.Session - [fd/905a91] Submitted process > FASTQC (2)
Dec-10 02:08:53.044 [Task submitter] DEBUG n.executor.local.LocalTaskHandler - Launch cmd line: /bin/bash -ue .command.run
Dec-10 02:08:53.047 [Task submitter] INFO  nextflow.Session - [e9/261fe9] Submitted process > INDEX
Dec-10 02:08:53.055 [Task submitter] DEBUG n.executor.local.LocalTaskHandler - Launch cmd line: /bin/bash -ue .command.run
Dec-10 02:08:53.056 [Task submitter] INFO  nextflow.Session - [e1/9f943d] Submitted process > FASTQC (3)
Dec-10 02:08:53.074 [Task submitter] DEBUG n.executor.local.LocalTaskHandler - Launch cmd line: /bin/bash -ue .command.run
Dec-10 02:08:53.078 [Task submitter] INFO  nextflow.Session - [1e/cebc9c] Submitted process > FASTQC (1)
Dec-10 02:08:53.953 [Task monitor] DEBUG n.processor.TaskPollingMonitor - Task completed > TaskHandler[id: 1; name: INDEX; status: COMPLETED; exit: 0; error: -; workDir: /home/odette/mbtCore/work/e9/261fe9a5bb368cf5a2cdd4ba3d3528]
Dec-10 02:08:53.975 [Task submitter] DEBUG n.executor.local.LocalTaskHandler - Launch cmd line: /bin/bash -ue .command.run
Dec-10 02:08:53.977 [Task submitter] INFO  nextflow.Session - [a0/10f1e7] Submitted process > CREATINGDICTFILE
Dec-10 02:08:54.074 [Task monitor] DEBUG nextflow.util.ThreadPoolBuilder - Creating thread pool 'PublishDir' minSize=10; maxSize=12; workQueue=LinkedBlockingQueue[10000]; allowCoreThreadTimeout=false
Dec-10 02:12:19.232 [Task monitor] DEBUG n.processor.TaskPollingMonitor - Task completed > TaskHandler[id: 2; name: CREATINGDICTFILE; status: COMPLETED; exit: 0; error: -; workDir: /home/odette/mbtCore/work/a0/10f1e759bf7034ca25d1f2a9bd1236]
Dec-10 02:12:19.299 [Task submitter] DEBUG n.executor.local.LocalTaskHandler - Launch cmd line: /bin/bash -ue .command.run
Dec-10 02:12:19.320 [Task submitter] INFO  nextflow.Session - [07/ae5557] Submitted process > FASTQC (4)
Dec-10 02:12:19.631 [Task monitor] DEBUG nextflow.processor.TaskProcessor - Handling unexpected condition for
  task: name=CREATINGDICTFILE; work-dir=/home/odette/mbtCore/work/a0/10f1e759bf7034ca25d1f2a9bd1236
  error [groovy.lang.MissingMethodException]: No signature of method: nextflow.script.ScriptBinding.$() is applicable for argument types: () values: []
Possible solutions: is(java.lang.Object), any(), use([Ljava.lang.Object;), tap(groovy.lang.Closure), any(groovy.lang.Closure), use(java.util.List, groovy.lang.Closure)
Dec-10 02:12:19.727 [Task monitor] ERROR nextflow.processor.TaskProcessor - Error executing process > 'CREATINGDICTFILE'

Caused by:
  No signature of method: nextflow.script.ScriptBinding.$() is applicable for argument types: () values: []
Possible solutions: is(java.lang.Object), any(), use([Ljava.lang.Object;), tap(groovy.lang.Closure), any(groovy.lang.Closure), use(java.util.List, groovy.lang.Closure)

groovy.lang.MissingMethodException: No signature of method: nextflow.script.ScriptBinding.$() is applicable for argument types: () values: []
Possible solutions: is(java.lang.Object), any(), use([Ljava.lang.Object;), tap(groovy.lang.Closure), any(groovy.lang.Closure), use(java.util.List, groovy.lang.Closure)
	at nextflow.script.WorkflowBinding.invokeMethod(WorkflowBinding.groovy:110)
	at groovy.lang.GroovyObject$invokeMethod$1.call(Unknown Source)
	at org.codehaus.groovy.runtime.callsite.CallSiteArray.defaultCall(CallSiteArray.java:47)
	at org.codehaus.groovy.runtime.callsite.AbstractCallSite.call(AbstractCallSite.java:125)
	at org.codehaus.groovy.runtime.callsite.AbstractCallSite.call(AbstractCallSite.java:148)
	at nextflow.script.BaseScript.invokeMethod(BaseScript.groovy:141)
	at groovy.lang.GroovyObject$invokeMethod$1.call(Unknown Source)
	at org.codehaus.groovy.runtime.callsite.CallSiteArray.defaultCall(CallSiteArray.java:47)
	at org.codehaus.groovy.runtime.callsite.AbstractCallSite.call(AbstractCallSite.java:125)
	at org.codehaus.groovy.runtime.callsite.AbstractCallSite.call(AbstractCallSite.java:148)
	at nextflow.processor.TaskContext.invokeMethod(TaskContext.groovy:160)
	at org.codehaus.groovy.runtime.metaclass.ClosureMetaClass.invokeOnDelegationObjects(ClosureMetaClass.java:408)
	at org.codehaus.groovy.runtime.metaclass.ClosureMetaClass.invokeMethod(ClosureMetaClass.java:350)
	at org.codehaus.groovy.runtime.callsite.PogoMetaClassSite.callCurrent(PogoMetaClassSite.java:61)
	at org.codehaus.groovy.runtime.callsite.CallSiteArray.defaultCallCurrent(CallSiteArray.java:51)
	at org.codehaus.groovy.runtime.callsite.AbstractCallSite.callCurrent(AbstractCallSite.java:171)
	at org.codehaus.groovy.runtime.callsite.AbstractCallSite.callCurrent(AbstractCallSite.java:185)
	at Script227A96CA747F583EF3371B45154C8C67$_run_closure1$_closure2$_closure5.doCall(Script227A96CA747F583EF3371B45154C8C67:5)
	at Script227A96CA747F583EF3371B45154C8C67$_run_closure1$_closure2$_closure5.doCall(Script227A96CA747F583EF3371B45154C8C67)
	at java.base/jdk.internal.reflect.NativeMethodAccessorImpl.invoke0(Native Method)
	at java.base/jdk.internal.reflect.NativeMethodAccessorImpl.invoke(NativeMethodAccessorImpl.java:62)
	at java.base/jdk.internal.reflect.DelegatingMethodAccessorImpl.invoke(DelegatingMethodAccessorImpl.java:43)
	at java.base/java.lang.reflect.Method.invoke(Method.java:566)
	at org.codehaus.groovy.reflection.CachedMethod.invoke(CachedMethod.java:107)
	at groovy.lang.MetaMethod.doMethodInvoke(MetaMethod.java:323)
	at org.codehaus.groovy.runtime.metaclass.ClosureMetaClass.invokeMethod(ClosureMetaClass.java:274)
	at groovy.lang.MetaClassImpl.invokeMethod(MetaClassImpl.java:1035)
	at groovy.lang.Closure.call(Closure.java:412)
	at groovy.lang.Closure.call(Closure.java:406)
	at nextflow.processor.PublishDir.setPath(PublishDir.groovy:126)
	at java.base/jdk.internal.reflect.NativeMethodAccessorImpl.invoke0(Native Method)
	at java.base/jdk.internal.reflect.NativeMethodAccessorImpl.invoke(NativeMethodAccessorImpl.java:62)
	at java.base/jdk.internal.reflect.DelegatingMethodAccessorImpl.invoke(DelegatingMethodAccessorImpl.java:43)
	at java.base/java.lang.reflect.Method.invoke(Method.java:566)
	at org.codehaus.groovy.reflection.CachedMethod.invoke(CachedMethod.java:107)
	at groovy.lang.MetaMethod.doMethodInvoke(MetaMethod.java:323)
	at groovy.lang.MetaClassImpl.invokeMethod(MetaClassImpl.java:1258)
	at groovy.lang.MetaClassImpl.invokeMethod(MetaClassImpl.java:1035)
	at org.codehaus.groovy.runtime.metaclass.MultipleSetterProperty.setProperty(MultipleSetterProperty.java:54)
	at groovy.lang.MetaClassImpl.setProperty(MetaClassImpl.java:2785)
	at groovy.lang.MetaClassImpl.setProperty(MetaClassImpl.java:3838)
	at groovy.lang.GroovyObject.setProperty(GroovyObject.java:61)
	at org.codehaus.groovy.runtime.InvokerHelper.setProperty(InvokerHelper.java:213)
	at org.codehaus.groovy.runtime.ScriptBytecodeAdapter.setProperty(ScriptBytecodeAdapter.java:496)
	at nextflow.processor.PublishDir.create(PublishDir.groovy:177)
	at nextflow.processor.TaskConfig.getPublishDir(TaskConfig.groovy:366)
	at nextflow.processor.TaskProcessor.publishOutputs(TaskProcessor.groovy:1306)
	at java.base/jdk.internal.reflect.NativeMethodAccessorImpl.invoke0(Native Method)
	at java.base/jdk.internal.reflect.NativeMethodAccessorImpl.invoke(NativeMethodAccessorImpl.java:62)
	at java.base/jdk.internal.reflect.DelegatingMethodAccessorImpl.invoke(DelegatingMethodAccessorImpl.java:43)
	at java.base/java.lang.reflect.Method.invoke(Method.java:566)
	at org.codehaus.groovy.runtime.callsite.PlainObjectMetaMethodSite.doInvoke(PlainObjectMetaMethodSite.java:48)
	at org.codehaus.groovy.runtime.callsite.PogoMetaMethodSite$PogoCachedMethodSiteNoUnwrapNoCoerce.invoke(PogoMetaMethodSite.java:189)
	at org.codehaus.groovy.runtime.callsite.PogoMetaMethodSite.callCurrent(PogoMetaMethodSite.java:57)
	at org.codehaus.groovy.runtime.callsite.AbstractCallSite.callCurrent(AbstractCallSite.java:185)
	at nextflow.processor.TaskProcessor.finalizeTask0(TaskProcessor.groovy:2282)
	at java.base/jdk.internal.reflect.NativeMethodAccessorImpl.invoke0(Native Method)
	at java.base/jdk.internal.reflect.NativeMethodAccessorImpl.invoke(NativeMethodAccessorImpl.java:62)
	at java.base/jdk.internal.reflect.DelegatingMethodAccessorImpl.invoke(DelegatingMethodAccessorImpl.java:43)
	at java.base/java.lang.reflect.Method.invoke(Method.java:566)
	at org.codehaus.groovy.runtime.callsite.PlainObjectMetaMethodSite.doInvoke(PlainObjectMetaMethodSite.java:48)
	at org.codehaus.groovy.runtime.callsite.PogoMetaMethodSite$PogoCachedMethodSiteNoUnwrapNoCoerce.invoke(PogoMetaMethodSite.java:189)
	at org.codehaus.groovy.runtime.callsite.PogoMetaMethodSite.callCurrent(PogoMetaMethodSite.java:57)
	at org.codehaus.groovy.runtime.callsite.AbstractCallSite.callCurrent(AbstractCallSite.java:185)
	at nextflow.processor.TaskProcessor.finalizeTask(TaskProcessor.groovy:2253)
	at nextflow.processor.TaskPollingMonitor.checkTaskStatus(TaskPollingMonitor.groovy:619)
	at nextflow.processor.TaskPollingMonitor.checkAllTasks(TaskPollingMonitor.groovy:533)
	at nextflow.processor.TaskPollingMonitor.pollLoop(TaskPollingMonitor.groovy:408)
	at java.base/jdk.internal.reflect.NativeMethodAccessorImpl.invoke0(Native Method)
	at java.base/jdk.internal.reflect.NativeMethodAccessorImpl.invoke(NativeMethodAccessorImpl.java:62)
	at java.base/jdk.internal.reflect.DelegatingMethodAccessorImpl.invoke(DelegatingMethodAccessorImpl.java:43)
	at java.base/java.lang.reflect.Method.invoke(Method.java:566)
	at org.codehaus.groovy.reflection.CachedMethod.invoke(CachedMethod.java:107)
	at groovy.lang.MetaMethod.doMethodInvoke(MetaMethod.java:323)
	at groovy.lang.MetaClassImpl.invokeMethod(MetaClassImpl.java:1258)
	at groovy.lang.MetaClassImpl.invokeMethod(MetaClassImpl.java:1035)
	at org.codehaus.groovy.runtime.InvokerHelper.invokePogoMethod(InvokerHelper.java:1036)
	at org.codehaus.groovy.runtime.InvokerHelper.invokeMethod(InvokerHelper.java:1019)
	at org.codehaus.groovy.runtime.InvokerHelper.invokeMethodSafe(InvokerHelper.java:97)
	at nextflow.processor.TaskPollingMonitor$_start_closure2.doCall(TaskPollingMonitor.groovy:292)
	at nextflow.processor.TaskPollingMonitor$_start_closure2.call(TaskPollingMonitor.groovy)
	at groovy.lang.Closure.run(Closure.java:493)
	at java.base/java.lang.Thread.run(Thread.java:834)
Dec-10 02:12:19.919 [Task monitor] DEBUG nextflow.Session - Session aborted -- Cause: No signature of method: nextflow.script.ScriptBinding.$() is applicable for argument types: () values: []
Possible solutions: is(java.lang.Object), any(), use([Ljava.lang.Object;), tap(groovy.lang.Closure), any(groovy.lang.Closure), use(java.util.List, groovy.lang.Closure)
Dec-10 02:12:20.492 [main] DEBUG nextflow.Session - Session await > all processes finished
Dec-10 02:12:20.551 [main] DEBUG nextflow.Session - Session await > all barriers passed
Dec-10 02:12:20.655 [main] WARN  n.processor.TaskPollingMonitor - Killing running tasks (4)
Dec-10 02:12:21.953 [main] DEBUG nextflow.trace.WorkflowStatsObserver - Workflow completed > WorkflowStats[succeededCount=1; failedCount=0; ignoredCount=0; cachedCount=0; pendingCount=7; submittedCount=1; runningCount=1; retriesCount=0; abortedCount=3; succeedDuration=828ms; failedDuration=0ms; cachedDuration=0ms;loadCpus=1; loadMemory=0; peakRunning=4; peakCpus=4; peakMemory=0; ]
Dec-10 02:12:22.815 [main] DEBUG nextflow.cache.CacheDB - Closing CacheDB done
Dec-10 02:12:23.426 [main] DEBUG nextflow.script.ScriptRunner - > Execution complete -- Goodbye
