Dec-01 16:05:26.308 [main] DEBUG nextflow.cli.Launcher - $> nextflow run fastqc.nf
Dec-01 16:05:26.690 [main] INFO  nextflow.cli.CmdRun - N E X T F L O W  ~  version 23.04.4
Dec-01 16:05:26.840 [main] DEBUG nextflow.plugin.PluginsFacade - Setting up plugin manager > mode=prod; embedded=false; plugins-dir=/home/odette/.nextflow/plugins; core-plugins: nf-amazon@1.16.2,nf-azure@1.0.1,nf-codecommit@0.1.4,nf-console@1.0.5,nf-ga4gh@1.0.5,nf-google@1.7.3-patch1,nf-tower@1.5.12,nf-wave@0.8.4
Dec-01 16:05:26.895 [main] INFO  org.pf4j.DefaultPluginStatusProvider - Enabled plugins: []
Dec-01 16:05:26.901 [main] INFO  org.pf4j.DefaultPluginStatusProvider - Disabled plugins: []
Dec-01 16:05:26.920 [main] INFO  org.pf4j.DefaultPluginManager - PF4J version 3.4.1 in 'deployment' mode
Dec-01 16:05:26.971 [main] INFO  org.pf4j.AbstractPluginManager - No plugins
Dec-01 16:05:27.313 [main] DEBUG nextflow.cli.CmdRun - Applied DSL=2 by global default
Dec-01 16:05:27.396 [main] INFO  nextflow.cli.CmdRun - Launching `fastqc.nf` [admiring_kimura] DSL2 - revision: 8402151866
Dec-01 16:05:27.399 [main] DEBUG nextflow.plugin.PluginsFacade - Plugins default=[]
Dec-01 16:05:27.399 [main] DEBUG nextflow.plugin.PluginsFacade - Plugins resolved requirement=[]
Dec-01 16:05:27.465 [main] DEBUG nextflow.secret.LocalSecretsProvider - Secrets store: /home/odette/.nextflow/secrets/store.json
Dec-01 16:05:27.505 [main] DEBUG nextflow.secret.SecretsLoader - Discovered secrets providers: [nextflow.secret.LocalSecretsProvider@1f193686] - activable => nextflow.secret.LocalSecretsProvider@1f193686
Dec-01 16:05:28.029 [main] DEBUG nextflow.Session - Session UUID: 752a532b-9131-4874-be43-2578756b907e
Dec-01 16:05:28.029 [main] DEBUG nextflow.Session - Run name: admiring_kimura
Dec-01 16:05:28.044 [main] DEBUG nextflow.Session - Executor pool size: 4
Dec-01 16:05:28.104 [main] DEBUG nextflow.util.ThreadPoolBuilder - Creating thread pool 'FileTransfer' minSize=10; maxSize=12; workQueue=LinkedBlockingQueue[10000]; allowCoreThreadTimeout=false
Dec-01 16:05:28.322 [main] DEBUG nextflow.cli.CmdRun - 
  Version: 23.04.4 build 5881
  Created: 25-09-2023 15:34 UTC (18:34 EAST)
  System: Linux 6.2.0-37-generic
  Runtime: Groovy 3.0.16 on OpenJDK 64-Bit Server VM 11.0.1+13-LTS
  Encoding: UTF-8 (UTF-8)
  Process: 12173@Odette [127.0.1.1]
  CPUs: 4 - Mem: 7.6 GB (163.6 MB) - Swap: 2 GB (1.7 GB)
Dec-01 16:05:28.478 [main] DEBUG nextflow.Session - Work-dir: /home/odette/mbtCore/modules/fastqc/work [ext2/ext3]
Dec-01 16:05:28.479 [main] DEBUG nextflow.Session - Script base path does not exist or is not a directory: /home/odette/mbtCore/modules/fastqc/bin
Dec-01 16:05:28.560 [main] DEBUG nextflow.executor.ExecutorFactory - Extension executors providers=[]
Dec-01 16:05:28.599 [main] DEBUG nextflow.Session - Observer factory: DefaultObserverFactory
Dec-01 16:05:28.684 [main] DEBUG nextflow.cache.CacheFactory - Using Nextflow cache factory: nextflow.cache.DefaultCacheFactory
Dec-01 16:05:28.722 [main] DEBUG nextflow.util.CustomThreadPool - Creating default thread pool > poolSize: 5; maxThreads: 1000
Dec-01 16:05:28.967 [main] DEBUG nextflow.Session - Session start
Dec-01 16:05:32.289 [main] DEBUG nextflow.script.ScriptRunner - > Launching execution
Dec-01 16:05:32.528 [main] DEBUG nextflow.Session - Session aborted -- Cause: Missing process or function view()
Dec-01 16:05:32.744 [main] ERROR nextflow.cli.Launcher - @unknown
nextflow.exception.MissingProcessException: Missing process or function view()
	at nextflow.script.WorkflowDef.run(WorkflowDef.groovy:191)
	at nextflow.script.BindableDef.invoke_a(BindableDef.groovy:51)
	at nextflow.script.ChainableDef$invoke_a.call(Unknown Source)
	at org.codehaus.groovy.runtime.callsite.CallSiteArray.defaultCall(CallSiteArray.java:47)
	at org.codehaus.groovy.runtime.callsite.AbstractCallSite.call(AbstractCallSite.java:125)
	at org.codehaus.groovy.runtime.callsite.AbstractCallSite.call(AbstractCallSite.java:139)
	at nextflow.script.BaseScript.run0(BaseScript.groovy:183)
	at nextflow.script.BaseScript.run(BaseScript.groovy:192)
	at nextflow.script.ScriptParser.runScript(ScriptParser.groovy:229)
	at nextflow.script.ScriptRunner.run(ScriptRunner.groovy:224)
	at nextflow.script.ScriptRunner.execute(ScriptRunner.groovy:130)
	at nextflow.cli.CmdRun.run(CmdRun.groovy:368)
	at nextflow.cli.Launcher.run(Launcher.groovy:494)
	at nextflow.cli.Launcher.main(Launcher.groovy:665)
Caused by: groovy.lang.MissingMethodException: No signature of method: java.lang.String.view() is applicable for argument types: () values: []
Possible solutions: lines(), grep(), size(), find(), find(java.util.regex.Pattern), with(groovy.lang.Closure)
	at org.codehaus.groovy.runtime.ScriptBytecodeAdapter.unwrap(ScriptBytecodeAdapter.java:70)
	at org.codehaus.groovy.runtime.callsite.PogoMetaClassSite.call(PogoMetaClassSite.java:50)
	at org.codehaus.groovy.runtime.callsite.CallSiteArray.defaultCall(CallSiteArray.java:47)
	at org.codehaus.groovy.runtime.callsite.AbstractCallSite.call(AbstractCallSite.java:125)
	at org.codehaus.groovy.runtime.callsite.AbstractCallSite.call(AbstractCallSite.java:130)
	at Script_e3e3ff8b$_runScript_closure2$_closure5.doCall(Script_e3e3ff8b:23)
	at java.base/jdk.internal.reflect.NativeMethodAccessorImpl.invoke0(Native Method)
	at java.base/jdk.internal.reflect.NativeMethodAccessorImpl.invoke(NativeMethodAccessorImpl.java:62)
	at java.base/jdk.internal.reflect.DelegatingMethodAccessorImpl.invoke(DelegatingMethodAccessorImpl.java:43)
	at java.base/java.lang.reflect.Method.invoke(Method.java:566)
	at org.codehaus.groovy.reflection.CachedMethod.invoke(CachedMethod.java:107)
	at groovy.lang.MetaMethod.doMethodInvoke(MetaMethod.java:323)
	at org.codehaus.groovy.runtime.metaclass.ClosureMetaClass.invokeMethod(ClosureMetaClass.java:274)
	at groovy.lang.MetaClassImpl.invokeMethod(MetaClassImpl.java:1035)
	at groovy.lang.Closure.call(Closure.java:412)
	at groovy.lang.Closure.call(Closure.java:406)
	at nextflow.script.WorkflowDef.run0(WorkflowDef.groovy:204)
	at nextflow.script.WorkflowDef.run(WorkflowDef.groovy:188)
	... 13 common frames omitted
